   6.5750

   6.4210

   7.1850

   6.9980

   7.1470

   6.4300

   6.0120

   6.1720

   5.6310

   6.0040

   6.3770

   6.0090

   5.8890

   5.9490

   6.0960

   5.8340

   5.9350

   5.9900

   5.4560

   5.7270

   5.5700

   5.9650

   6.1420

   5.8130

   5.9240

   5.5990

   5.8130

   6.0470

   6.4950

   6.6740

   5.7130

   6.0720

   5.9500

   5.7010

   6.0960

   5.9330

   5.8410

   5.8500

   5.9660

   6.5950

   7.0240

   6.7700

   6.1690

   6.2110

   6.0690

   5.6820

   5.7860

   6.0300

   5.3990

   5.6020

   5.9630

   6.1150

   6.5110

   5.9980

   5.8880

   7.2490

   6.3830

   6.8160

   6.1450

   5.9270

   5.7410

   5.9660

   6.4560

   6.7620

   7.1040

   6.2900

   5.7870

   5.8780

   5.5940

   5.8850

   6.4170

   5.9610

   6.0650

   6.2450

   6.2730

   6.2860

   6.2790

   6.1400

   6.2320

   5.8740

   6.7270

   6.6190

   6.3020

   6.1670

   6.3890

   6.6300

   6.0150

   6.1210

   7.0070

   7.0790

   6.4170

   6.4050

   6.4420

   6.2110

   6.2490

   6.6250

   6.1630

   8.0690

   7.8200

   7.4160

   6.7270

   6.7810

   6.4050

   6.1370

   6.1670

   5.8510

   5.8360

   6.1270

   6.4740

   6.2290

   6.1950

   6.7150

   5.9130

   6.0920

   6.2540

   5.9280

   6.1760

   6.0210

   5.8720

   5.7310

   5.8700

   6.0040

   5.9610

   5.8560

   5.8790

   5.9860

   5.6130

   5.6930

   6.4310

   5.6370

   6.4580

   6.3260

   6.3720

   5.8220

   5.7570

   6.3350

   5.9420

   6.4540

   5.8570

   6.1510

   6.1740

   5.0190

   5.4030

   5.4680

   4.9030

   6.1300

   5.6280

   4.9260

   5.1860

   5.5970

   6.1220

   5.4040

   5.0120

   5.7090

   6.1290

   6.1520

   5.2720

   6.9430

   6.0660

   6.5100

   6.2500

   7.4890

   7.8020

   8.3750

   5.8540

   6.1010

   7.9290

   5.8770

   6.3190

   6.4020

   5.8750

   5.8800

   5.5720

   6.4160

   5.8590

   6.5460

   6.0200

   6.3150

   6.8600

   6.9800

   7.7650

   6.1440

   7.1550

   6.5630

   5.6040

   6.1530

   7.8310

   6.7820

   6.5560

   7.1850

   6.9510

   6.7390

   7.1780

   6.8000

   6.6040

   7.8750

   7.2870

   7.1070

   7.2740

   6.9750

