   24.0000

   21.6000

   34.7000

   33.4000

   36.2000

   28.7000

   22.9000

   27.1000

   16.5000

   18.9000

   15.0000

   18.9000

   21.7000

   20.4000

   18.2000

   19.9000

   23.1000

   17.5000

   20.2000

   18.2000

   13.6000

   19.6000

   15.2000

   14.5000

   15.6000

   13.9000

   16.6000

   14.8000

   18.4000

   21.0000

   12.7000

   14.5000

   13.2000

   13.1000

   13.5000

   18.9000

   20.0000

   21.0000

   24.7000

   30.8000

   34.9000

   26.6000

   25.3000

   24.7000

   21.2000

   19.3000

   20.0000

   16.6000

   14.4000

   19.4000

   19.7000

   20.5000

   25.0000

   23.4000

   18.9000

   35.4000

   24.7000

   31.6000

   23.3000

   19.6000

   18.7000

   16.0000

   22.2000

   25.0000

   33.0000

   23.5000

   19.4000

   22.0000

   17.4000

   20.9000

   24.2000

   21.7000

   22.8000

   23.4000

   24.1000

   21.4000

   20.0000

   20.8000

   21.2000

   20.3000

   28.0000

   23.9000

   24.8000

   22.9000

   23.9000

   26.6000

   22.5000

   22.2000

   23.6000

   28.7000

   22.6000

   22.0000

   22.9000

   25.0000

   20.6000

   28.4000

   21.4000

   38.7000

   43.8000

   33.2000

   27.5000

   26.5000

   18.6000

   19.3000

   20.1000

   19.5000

   19.5000

   20.4000

   19.8000

   19.4000

   21.7000

   22.8000

   18.8000

   18.7000

   18.5000

   18.3000

   21.2000

   19.2000

   20.4000

   19.3000

   22.0000

   20.3000

   20.5000

   17.3000

   18.8000

   21.4000

   15.7000

   16.2000

   18.0000

   14.3000

   19.2000

   19.6000

   23.0000

   18.4000

   15.6000

   18.1000

   17.4000

   17.1000

   13.3000

   17.8000

   14.0000

   14.4000

   13.4000

   15.6000

   11.8000

   13.8000

   15.6000

   14.6000

   17.8000

   15.4000

   21.5000

   19.6000

   15.3000

   19.4000

   17.0000

   15.6000

   13.1000

   41.3000

   24.3000

   23.3000

   27.0000

   50.0000

   50.0000

   50.0000

   22.7000

   25.0000

   50.0000

   23.8000

   23.8000

   22.3000

   17.4000

   19.1000

   23.1000

   23.6000

   22.6000

   29.4000

   23.2000

   24.6000

   29.9000

   37.2000

   39.8000

   36.2000

   37.9000

   32.5000

   26.4000

   29.6000

   50.0000

   32.0000

   29.8000

   34.9000

   37.0000

   30.5000

   36.4000

   31.1000

   29.1000

   50.0000

   33.3000

   30.3000

   34.6000

   34.9000

